2022-02-04 15:55:47,736 DEBUG client.py Была вызвана функция create_arg_parser c параметрами (<__main__.Client_Core object at 0x000002498EFF7FD0>,), {}. Вызов из модуля __main__. Вызов из функции obj.main().Вызов из функции main
2022-02-04 15:55:47,757 DEBUG client.py Была вызвана функция create_arg_parser c параметрами (<__main__.Client_Core object at 0x000001E9AF637FD0>,), {}. Вызов из модуля __main__. Вызов из функции obj.main().Вызов из функции main
2022-02-04 15:55:47,761 DEBUG client.py Была вызвана функция create_arg_parser c параметрами (<__main__.Client_Core object at 0x00000264C5A97FD0>,), {}. Вызов из модуля __main__. Вызов из функции obj.main().Вызов из функции main
2022-02-04 15:55:47,767 DEBUG client.py Была вызвана функция create_arg_parser c параметрами (<__main__.Client_Core object at 0x0000024FAEF17FD0>,), {}. Вызов из модуля __main__. Вызов из функции obj.main().Вызов из функции main
2022-02-04 15:55:47,773 DEBUG client.py Была вызвана функция create_arg_parser c параметрами (<__main__.Client_Core object at 0x00000154FE947FD0>,), {}. Вызов из модуля __main__. Вызов из функции obj.main().Вызов из функции main
2022-02-04 15:55:47,775 DEBUG client.py Была вызвана функция create_arg_parser c параметрами (<__main__.Client_Core object at 0x000001E8904D7FD0>,), {}. Вызов из модуля __main__. Вызов из функции obj.main().Вызов из функции main
2022-02-04 15:55:47,778 DEBUG client.py Была вызвана функция create_arg_parser c параметрами (<__main__.Client_Core object at 0x000001FE91F87FD0>,), {}. Вызов из модуля __main__. Вызов из функции obj.main().Вызов из функции main
2022-02-04 15:57:26,961 DEBUG client.py Была вызвана функция create_arg_parser c параметрами (<__main__.Client_Core object at 0x0000022B3B4D7FD0>,), {}. Вызов из модуля __main__. Вызов из функции obj.main().Вызов из функции main
2022-02-04 15:57:26,965 DEBUG client.py Была вызвана функция create_arg_parser c параметрами (<__main__.Client_Core object at 0x0000026F0C787FD0>,), {}. Вызов из модуля __main__. Вызов из функции obj.main().Вызов из функции main
2022-02-04 15:57:26,968 DEBUG client.py Была вызвана функция create_arg_parser c параметрами (<__main__.Client_Core object at 0x000001AECBF17FD0>,), {}. Вызов из модуля __main__. Вызов из функции obj.main().Вызов из функции main
2022-02-04 15:57:26,993 DEBUG client.py Была вызвана функция create_arg_parser c параметрами (<__main__.Client_Core object at 0x000002B3F8E77FD0>,), {}. Вызов из модуля __main__. Вызов из функции obj.main().Вызов из функции main
2022-02-04 15:57:26,993 DEBUG client.py Была вызвана функция create_arg_parser c параметрами (<__main__.Client_Core object at 0x000002C1A2637FD0>,), {}. Вызов из модуля __main__. Вызов из функции obj.main().Вызов из функции main
2022-02-04 15:57:26,993 DEBUG client.py Была вызвана функция create_arg_parser c параметрами (<__main__.Client_Core object at 0x0000023A9B277FD0>,), {}. Вызов из модуля __main__. Вызов из функции obj.main().Вызов из функции main
2022-02-04 15:57:26,993 DEBUG client.py Была вызвана функция create_arg_parser c параметрами (<__main__.Client_Core object at 0x000001EF2E1F7FD0>,), {}. Вызов из модуля __main__. Вызов из функции obj.main().Вызов из функции main
2022-02-04 15:58:56,111 DEBUG client.py Была вызвана функция create_arg_parser c параметрами (<__main__.Client_Core object at 0x000001B42B677FD0>,), {}. Вызов из модуля __main__. Вызов из функции obj.main().Вызов из функции main
2022-02-04 15:58:56,121 DEBUG client.py Была вызвана функция create_arg_parser c параметрами (<__main__.Client_Core object at 0x000001FEA1997FD0>,), {}. Вызов из модуля __main__. Вызов из функции obj.main().Вызов из функции main
2022-02-04 15:58:56,124 DEBUG client.py Была вызвана функция create_arg_parser c параметрами (<__main__.Client_Core object at 0x000001A97FC97FD0>,), {}. Вызов из модуля __main__. Вызов из функции obj.main().Вызов из функции main
2022-02-04 15:58:56,145 DEBUG client.py Была вызвана функция create_arg_parser c параметрами (<__main__.Client_Core object at 0x0000016CD4E37FD0>,), {}. Вызов из модуля __main__. Вызов из функции obj.main().Вызов из функции main
2022-02-04 15:58:56,147 DEBUG client.py Была вызвана функция create_arg_parser c параметрами (<__main__.Client_Core object at 0x00000248C6F67FD0>,), {}. Вызов из модуля __main__. Вызов из функции obj.main().Вызов из функции main
2022-02-04 15:58:56,147 DEBUG client.py Была вызвана функция create_arg_parser c параметрами (<__main__.Client_Core object at 0x000001BE2C237FD0>,), {}. Вызов из модуля __main__. Вызов из функции obj.main().Вызов из функции main
2022-02-04 15:58:56,153 DEBUG client.py Была вызвана функция create_arg_parser c параметрами (<__main__.Client_Core object at 0x0000019D408D7FD0>,), {}. Вызов из модуля __main__. Вызов из функции obj.main().Вызов из функции main
2022-02-04 16:02:27,367 DEBUG client.py Была вызвана функция create_arg_parser c параметрами (<__main__.Client_Core object at 0x000001D4C4F3CFD0>,), {}. Вызов из модуля __main__. Вызов из функции obj.main().Вызов из функции main
2022-02-04 16:02:27,375 DEBUG client.py Была вызвана функция create_arg_parser c параметрами (<__main__.Client_Core object at 0x00000214D7A7CFD0>,), {}. Вызов из модуля __main__. Вызов из функции obj.main().Вызов из функции main
2022-02-04 16:02:27,395 DEBUG client.py Была вызвана функция create_arg_parser c параметрами (<__main__.Client_Core object at 0x00000170DAE3CFD0>,), {}. Вызов из модуля __main__. Вызов из функции obj.main().Вызов из функции main
2022-02-04 16:02:27,398 DEBUG client.py Была вызвана функция create_arg_parser c параметрами (<__main__.Client_Core object at 0x0000017D0B74CFD0>,), {}. Вызов из модуля __main__. Вызов из функции obj.main().Вызов из функции main
2022-02-04 16:02:27,406 DEBUG client.py Была вызвана функция create_arg_parser c параметрами (<__main__.Client_Core object at 0x000002510A18CFD0>,), {}. Вызов из модуля __main__. Вызов из функции obj.main().Вызов из функции main
2022-02-04 16:02:27,412 DEBUG client.py Была вызвана функция create_arg_parser c параметрами (<__main__.Client_Core object at 0x000001EBF309CFD0>,), {}. Вызов из модуля __main__. Вызов из функции obj.main().Вызов из функции main
2022-02-04 16:02:27,416 DEBUG client.py Была вызвана функция create_arg_parser c параметрами (<__main__.Client_Core object at 0x000001D7FFBBCFD0>,), {}. Вызов из модуля __main__. Вызов из функции obj.main().Вызов из функции main
2022-02-04 16:02:32,482 DEBUG client.py Была вызвана функция create_arg_parser c параметрами (<__main__.Client_Core object at 0x0000020352FFCFD0>,), {}. Вызов из модуля __main__. Вызов из функции obj.main().Вызов из функции main
2022-02-04 16:02:32,484 DEBUG client.py Была вызвана функция create_arg_parser c параметрами (<__main__.Client_Core object at 0x000001B12643CFD0>,), {}. Вызов из модуля __main__. Вызов из функции obj.main().Вызов из функции main
2022-02-04 16:02:32,504 DEBUG client.py Была вызвана функция create_arg_parser c параметрами (<__main__.Client_Core object at 0x000002826C11CFD0>,), {}. Вызов из модуля __main__. Вызов из функции obj.main().Вызов из функции main
2022-02-04 16:02:32,504 DEBUG client.py Была вызвана функция create_arg_parser c параметрами (<__main__.Client_Core object at 0x000001BBB98DCFD0>,), {}. Вызов из модуля __main__. Вызов из функции obj.main().Вызов из функции main
2022-02-04 16:02:32,505 DEBUG client.py Была вызвана функция create_arg_parser c параметрами (<__main__.Client_Core object at 0x0000012DF823CFD0>,), {}. Вызов из модуля __main__. Вызов из функции obj.main().Вызов из функции main
2022-02-04 16:02:32,507 DEBUG client.py Была вызвана функция create_arg_parser c параметрами (<__main__.Client_Core object at 0x000002A578C3CFD0>,), {}. Вызов из модуля __main__. Вызов из функции obj.main().Вызов из функции main
2022-02-04 16:02:32,508 DEBUG client.py Была вызвана функция create_arg_parser c параметрами (<__main__.Client_Core object at 0x000002498234CFD0>,), {}. Вызов из модуля __main__. Вызов из функции obj.main().Вызов из функции main
2022-02-04 16:02:41,081 DEBUG client.py Была вызвана функция create_arg_parser c параметрами (<__main__.Client_Core object at 0x0000017954E37FD0>,), {}. Вызов из модуля __main__. Вызов из функции obj.main().Вызов из функции main
2022-02-04 16:02:41,098 DEBUG client.py Была вызвана функция create_arg_parser c параметрами (<__main__.Client_Core object at 0x00000258019E7FD0>,), {}. Вызов из модуля __main__. Вызов из функции obj.main().Вызов из функции main
2022-02-04 16:02:41,106 DEBUG client.py Была вызвана функция create_arg_parser c параметрами (<__main__.Client_Core object at 0x0000017EA2F17FD0>,), {}. Вызов из модуля __main__. Вызов из функции obj.main().Вызов из функции main
2022-02-04 16:02:41,111 DEBUG client.py Была вызвана функция create_arg_parser c параметрами (<__main__.Client_Core object at 0x0000020990297FD0>,), {}. Вызов из модуля __main__. Вызов из функции obj.main().Вызов из функции main
2022-02-04 16:02:41,118 DEBUG client.py Была вызвана функция create_arg_parser c параметрами (<__main__.Client_Core object at 0x000001967F677FD0>,), {}. Вызов из модуля __main__. Вызов из функции obj.main().Вызов из функции main
2022-02-04 16:02:41,120 DEBUG client.py Была вызвана функция create_arg_parser c параметрами (<__main__.Client_Core object at 0x00000204FA337FD0>,), {}. Вызов из модуля __main__. Вызов из функции obj.main().Вызов из функции main
2022-02-04 16:02:41,122 DEBUG client.py Была вызвана функция create_arg_parser c параметрами (<__main__.Client_Core object at 0x00000253F3A37FD0>,), {}. Вызов из модуля __main__. Вызов из функции obj.main().Вызов из функции main
2022-02-04 16:16:07,193 DEBUG client.py Была вызвана функция create_arg_parser c параметрами (<__main__.Client_Core object at 0x000002676433D8B0>,), {}. Вызов из модуля __main__. Вызов из функции obj.main().Вызов из функции main
2022-02-04 16:16:07,194 DEBUG client.py Была вызвана функция create_arg_parser c параметрами (<__main__.Client_Core object at 0x000001F09EF6D8B0>,), {}. Вызов из модуля __main__. Вызов из функции obj.main().Вызов из функции main
2022-02-04 16:16:07,207 DEBUG client.py Была вызвана функция create_arg_parser c параметрами (<__main__.Client_Core object at 0x000001C3A3BAD8B0>,), {}. Вызов из модуля __main__. Вызов из функции obj.main().Вызов из функции main
2022-02-04 16:16:07,208 DEBUG client.py Была вызвана функция create_arg_parser c параметрами (<__main__.Client_Core object at 0x000001BF905FD8B0>,), {}. Вызов из модуля __main__. Вызов из функции obj.main().Вызов из функции main
2022-02-04 16:16:07,209 DEBUG client.py Была вызвана функция create_arg_parser c параметрами (<__main__.Client_Core object at 0x0000021965EDD8B0>,), {}. Вызов из модуля __main__. Вызов из функции obj.main().Вызов из функции main
2022-02-04 16:16:07,219 DEBUG client.py Была вызвана функция create_arg_parser c параметрами (<__main__.Client_Core object at 0x000002B6A18DD8B0>,), {}. Вызов из модуля __main__. Вызов из функции obj.main().Вызов из функции main
2022-02-04 16:16:07,234 DEBUG client.py Была вызвана функция create_arg_parser c параметрами (<__main__.Client_Core object at 0x000002630C1FD8B0>,), {}. Вызов из модуля __main__. Вызов из функции obj.main().Вызов из функции main
2022-02-04 16:18:11,208 DEBUG client.py Была вызвана функция create_arg_parser c параметрами (<__main__.Client_Core object at 0x000001DC3E47D8B0>,), {}. Вызов из модуля __main__. Вызов из функции obj.main().Вызов из функции main
2022-02-04 16:18:11,208 INFO client.py Запущен клиент с парамертами: адрес сервера: 127.0.0.1, порт: 7777, режим работы: send
2022-02-04 16:18:11,209 DEBUG client.py Formed presence message for Guest
2022-02-04 16:18:11,210 DEBUG client.py Была вызвана функция create_presence c параметрами (<__main__.Client_Core object at 0x000001DC3E47D8B0>,), {}. Вызов из модуля __main__. Вызов из функции obj.main().Вызов из функции main
2022-02-04 16:18:11,212 DEBUG client.py Была вызвана функция create_arg_parser c параметрами (<__main__.Client_Core object at 0x0000024DCA03D8B0>,), {}. Вызов из модуля __main__. Вызов из функции obj.main().Вызов из функции main
2022-02-04 16:18:11,212 INFO client.py Запущен клиент с парамертами: адрес сервера: 127.0.0.1, порт: 7777, режим работы: send
2022-02-04 16:18:11,213 DEBUG client.py Formed presence message for Guest
2022-02-04 16:18:11,215 DEBUG client.py Разбор приветственного сообщения от сервера: {'response': 200}
object at 0x0000024DCA03D8B0>,), {}. Вызов из модуля __main__. Вызов из функции obj.main().Вызов из функции main
2022-02-04 16:18:11,216 DEBUG client.py Была вызвана функция process_ans c параметрами (<__main__.Client_Core object at 0x000001DC3E47D8B0>, {'response': 200}), {}. Вызов из модуля __main__. Вызов из функции obj.main().Вызов из функции main
2022-02-04 16:18:11,216 INFO client.py Установлено соединение с сервером. Ответ сервера: 200 : OK
2022-02-04 16:18:11,230 DEBUG client.py Была вызвана функция create_arg_parser c параметрами (<__main__.Client_Core object at 0x000001BBC18DD8B0>,), {}. Вызов из модуля __main__. Вызов из функции obj.main().Вызов из функции main
2022-02-04 16:18:11,230 INFO client.py Запущен клиент с парамертами: адрес сервера: 127.0.0.1, порт: 7777, режим работы: listen
2022-02-04 16:18:11,231 DEBUG client.py Formed presence message for Guest
2022-02-04 16:18:11,231 DEBUG client.py Была вызвана функция create_presence c параметрами (<__main__.Client_Core object at 0x000001BBC18DD8B0>,), {}. Вызов из модуля __main__. Вызов из функции obj.main().Вызов из функции main
2022-02-04 16:18:11,232 DEBUG client.py Разбор приветственного сообщения от сервера: {'response': 200}
2022-02-04 16:18:11,232 DEBUG client.py Была вызвана функция process_ans c параметрами (<__main__.Client_Core object at 0x0000024DCA03D8B0>, {'response': 200}), {}. Вызов из модуля __main__. Вызов из функции obj.main().Вызов из функции main
2022-02-04 16:18:11,233 INFO client.py Установлено соединение с сервером. Ответ сервера: 200 : OK
2022-02-04 16:18:11,237 DEBUG client.py Была вызвана функция create_arg_parser c параметрами (<__main__.Client_Core object at 0x000001D16DB3D8B0>,), {}. Вызов из модуля __main__. Вызов из функции obj.main().Вызов из функции main
2022-02-04 16:18:11,237 INFO client.py Запущен клиент с парамертами: адрес сервера: 127.0.0.1, порт: 7777, режим работы: listen
2022-02-04 16:18:11,238 DEBUG client.py Formed presence message for Guest
2022-02-04 16:18:11,239 DEBUG client.py Была вызвана функция create_presence c параметрами (<__main__.Client_Core object at 0x000001D16DB3D8B0>,), {}. Вызов из модуля __main__. Вызов из функции obj.main().Вызов из функции main
2022-02-04 16:18:11,239 DEBUG client.py Разбор приветственного сообщения от сервера: {'response': 200}
2022-02-04 16:18:11,240 DEBUG client.py Была вызвана функция process_ans c параметрами (<__main__.Client_Core object at 0x000001BBC18DD8B0>, {'response': 200}), {}. Вызов из модуля __main__. Вызов из функции obj.main().Вызов из функции main
2022-02-04 16:18:11,240 INFO client.py Установлено соединение с сервером. Ответ сервера: 200 : OK
2022-02-04 16:18:11,240 DEBUG client.py Была вызвана функция create_arg_parser c параметрами (<__main__.Client_Core object at 0x000001E829E3D8B0>,), {}. Вызов из модуля __main__. Вызов из функции obj.main().Вызов из функции main
2022-02-04 16:18:11,240 INFO client.py Запущен клиент с парамертами: адрес сервера: 127.0.0.1, порт: 7777, режим работы: listen
2022-02-04 16:18:11,240 DEBUG client.py Была вызвана функция create_arg_parser c параметрами (<__main__.Client_Core object at 0x000001BFC256D8B0>,), {}. Вызов из модуля __main__. Вызов из функции obj.main().Вызов из функции main
2022-02-04 16:18:11,241 INFO client.py Запущен клиент с парамертами: адрес сервера: 127.0.0.1, порт: 7777, режим работы: listen
2022-02-04 16:18:11,241 INFO client.py Запущен клиент с парамертами: адрес сервера: 127.0.0.1, порт: 7777, режим работы: listen
2022-02-04 16:18:11,241 DEBUG client.py Formed presence message for Guest
2022-02-04 16:18:11,241 DEBUG client.py Formed presence message for Guest
2022-02-04 16:18:11,241 DEBUG client.py Formed presence message for Guest
2022-02-04 16:18:11,242 DEBUG client.py Была вызвана функция create_presence c параметрами (<__main__.Client_Core object at 0x000001E829E3D8B0>,), {}. Вызов из модуля __main__. Вызов из функции obj.main().Вызов из функции main
2022-02-04 16:18:11,242 DEBUG client.py Разбор приветственного сообщения от сервера: {'response': 200}
2022-02-04 16:18:11,242 DEBUG client.py Была вызвана функция create_presence c параметрами (<__main__.Client_Core object at 0x000002281DC7D8B0>,), {}. Вызов из модуля __main__. Вызов из функции obj.main().Вызов из функции main
2022-02-04 16:18:11,242 DEBUG client.py Была вызвана функция create_presence c параметрами (<__main__.Client_Core object at 0x000001BFC256D8B0>,), {}. Вызов из модуля __main__. Вызов из функции obj.main().Вызов из функции main
2022-02-04 16:18:11,242 DEBUG client.py Была вызвана функция process_ans c параметрами (<__main__.Client_Core object at 0x000001D16DB3D8B0>, {'response': 200}), {}. Вызов из модуля __main__. Вызов из функции obj.main().Вызов из функции main
2022-02-04 16:18:11,243 INFO client.py Установлено соединение с сервером. Ответ сервера: 200 : OK
2022-02-04 16:18:11,251 DEBUG client.py Разбор приветственного сообщения от сервера: {'response': 200}
2022-02-04 16:18:11,251 DEBUG client.py Была вызвана функция process_ans c параметрами (<__main__.Client_Core object at 0x000001E829E3D8B0>, {'response': 200}), {}. Вызов из модуля __main__. Вызов из функции obj.main().Вызов из функции main
2022-02-04 16:18:11,252 INFO client.py Установлено соединение с сервером. Ответ сервера: 200 : OK
2022-02-04 16:18:11,252 DEBUG client.py Разбор приветственного сообщения от сервера: {'response': 200}
2022-02-04 16:18:11,253 DEBUG client.py Была вызвана функция process_ans c параметрами (<__main__.Client_Core object at 0x000002281DC7D8B0>, {'response': 200}), {}. Вызов из модуля __main__. Вызов из функции obj.main().Вызов из функции main
2022-02-04 16:18:11,253 INFO client.py Установлено соединение с сервером. Ответ сервера: 200 : OK
2022-02-04 16:18:11,254 DEBUG client.py Разбор приветственного сообщения от сервера: {'response': 200}
2022-02-04 16:18:11,254 DEBUG client.py Была вызвана функция process_ans c параметрами (<__main__.Client_Core object at 0x000001BFC256D8B0>, {'response': 200}), {}. Вызов из модуля __main__. Вызов из функции obj.main().Вызов из функции main
2022-02-04 16:18:11,255 INFO client.py Установлено соединение с сервером. Ответ сервера: 200 : OK
2022-02-04 16:18:25,231 DEBUG client.py Сформирован словарь сообщения: {'action': 'message', 'time': 1643980705.231381, 'account_name': 'Guest', 'mess_text': 'dfdfd'}
2022-02-04 16:18:25,231 DEBUG client.py Была вызвана функция create_message c параметрами (<__main__.Client_Core object at 0x0000024DCA03D8B0>, <socket.socket fd=1092, family=AddressFamily.AF_INET, type=SocketKind.SOCK_STREAM, proto=0, laddr=('127.0.0.1', 49761), raddr=('127.0.0.1', 7777)>), {}. Вызов из модуля __main__. Вызов из функции obj.main().Вызов из функции main
2022-02-04 16:18:25,506 INFO client.py Получено сообщение от пользователя Guest:
dfdfd
2022-02-04 16:18:25,507 DEBUG client.py Была вызвана функция message_from_server c параметрами (<__main__.Client_Core object at 0x000001BFC256D8B0>, {'action': 'message', 'sender': 'Guest', 'time': 1643980705.5062616, 'mess_text': 'dfdfd'}), {}. Вызов из модуля __main__. Вызов из функции obj.main().Вызов из функции main
2022-02-04 16:18:36,130 DEBUG client.py Сформирован словарь сообщения: {'action': 'message', 'time': 1643980716.130756, 'account_name': 'Guest', 'mess_text': 'dfsfd'}
2022-02-04 16:18:36,131 DEBUG client.py Была вызвана функция create_message c параметрами (<__main__.Client_Core object at 0x000001DC3E47D8B0>, <socket.socket fd=1020, family=AddressFamily.AF_INET, type=SocketKind.SOCK_STREAM, proto=0, laddr=('127.0.0.1', 49760), raddr=('127.0.0.1', 7777)>), {}. Вызов из модуля __main__. Вызов из функции obj.main().Вызов из функции main
2022-02-04 16:18:36,239 INFO client.py Получено сообщение от пользователя Guest:
dfsfd
2022-02-04 16:18:36,240 DEBUG client.py Была вызвана функция message_from_server c параметрами (<__main__.Client_Core object at 0x000001BFC256D8B0>, {'action': 'message', 'sender': 'Guest', 'time': 1643980716.2381213, 'mess_text': 'dfsfd'}), {}. Вызов из модуля __main__. Вызов из функции obj.main().Вызов из функции main
2022-02-04 16:18:40,952 ERROR client.py Соединение с сервером 127.0.0.1 было потеряно.
2022-02-04 16:19:29,151 DEBUG client.py Была вызвана функция create_arg_parser c параметрами (<__main__.Client_Core object at 0x000001C07FE3D8B0>,), {}. Вызов из модуля __main__. Вызов из функции obj.main().Вызов из функции main
2022-02-04 16:19:29,151 INFO client.py Запущен клиент с парамертами: адрес сервера: 127.0.0.1, порт: 7777, режим работы: listen
2022-02-04 16:19:29,152 DEBUG client.py Formed presence message for Guest
2022-02-04 16:19:29,153 DEBUG client.py Была вызвана функция create_presence c параметрами (<__main__.Client_Core object at 0x000001C07FE3D8B0>,), {}. Вызов из модуля __main__. Вызов из функции obj.main().Вызов из функции main
2022-02-04 16:19:29,153 DEBUG client.py Была вызвана функция create_arg_parser c параметрами (<__main__.Client_Core object at 0x000001C1DB27D8B0>,), {}. Вызов из модуля __main__. Вызов из функции obj.main().Вызов из функции main
2022-02-04 16:19:29,154 INFO client.py Запущен клиент с парамертами: адрес сервера: 127.0.0.1, порт: 7777, режим работы: send
2022-02-04 16:19:29,155 DEBUG client.py Formed presence message for Guest
2022-02-04 16:19:29,156 DEBUG client.py Была вызвана функция create_presence c параметрами (<__main__.Client_Core object at 0x000001C1DB27D8B0>,), {}. Вызов из модуля __main__. Вызов из функции obj.main().Вызов из функции main
2022-02-04 16:19:29,156 DEBUG client.py Разбор приветственного сообщения от сервера: {'response': 200}
2022-02-04 16:19:29,157 DEBUG client.py Была вызвана функция process_ans c параметрами (<__main__.Client_Core object at 0x000001C07FE3D8B0>, {'response': 200}), {}. Вызов из модуля __main__. Вызов из функции obj.main().Вызов из функции main
2022-02-04 16:19:29,158 INFO client.py Установлено соединение с сервером. Ответ сервера: 200 : OK
2022-02-04 16:19:29,660 DEBUG client.py Разбор приветственного сообщения от сервера: {'response': 200}
2022-02-04 16:19:29,661 DEBUG client.py Была вызвана функция process_ans c параметрами (<__main__.Client_Core object at 0x000001C1DB27D8B0>, {'response': 200}), {}. Вызов из модуля __main__. Вызов из функции obj.main().Вызов из функции main
2022-02-04 16:19:29,661 INFO client.py Установлено соединение с сервером. Ответ сервера: 200 : OK
2022-02-04 16:19:42,000 DEBUG client.py Сформирован словарь сообщения: {'action': 'message', 'time': 1643980782.0003426, 'account_name': 'Guest', 'mess_text': 'privet'}
2022-02-04 16:19:42,001 DEBUG client.py Была вызвана функция create_message c параметрами (<__main__.Client_Core object at 0x000001C1DB27D8B0>, <socket.socket fd=952, family=AddressFamily.AF_INET, type=SocketKind.SOCK_STREAM, proto=0, laddr=('127.0.0.1', 49771), raddr=('127.0.0.1', 7777)>), {}. Вызов из модуля __main__. Вызов из функции obj.main().Вызов из функции main
2022-02-04 16:19:42,448 INFO client.py Получено сообщение от пользователя Guest:
privet
2022-02-04 16:19:42,448 DEBUG client.py Была вызвана функция message_from_server c параметрами (<__main__.Client_Core object at 0x000001C07FE3D8B0>, {'action': 'message', 'sender': 'Guest', 'time': 1643980782.447322, 'mess_text': 'privet'}), {}. Вызов из модуля __main__. Вызов из функции obj.main().Вызов из функции main
2022-02-04 16:19:55,550 DEBUG client.py Сформирован словарь сообщения: {'action': 'message', 'time': 1643980795.5500743, 'account_name': 'Guest', 'mess_text': 'privet'}
2022-02-04 16:19:55,551 DEBUG client.py Была вызвана функция create_message c параметрами (<__main__.Client_Core object at 0x000001C1DB27D8B0>, <socket.socket fd=952, family=AddressFamily.AF_INET, type=SocketKind.SOCK_STREAM, proto=0, laddr=('127.0.0.1', 49771), raddr=('127.0.0.1', 7777)>), {}. Вызов из модуля __main__. Вызов из функции obj.main().Вызов из функции main
2022-02-04 16:19:55,712 INFO client.py Получено сообщение от пользователя Guest:
privet
2022-02-04 16:19:55,713 DEBUG client.py Была вызвана функция message_from_server c параметрами (<__main__.Client_Core object at 0x000001C07FE3D8B0>, {'action': 'message', 'sender': 'Guest', 'time': 1643980795.7118616, 'mess_text': 'privet'}), {}. Вызов из модуля __main__. Вызов из функции obj.main().Вызов из функции main
2022-02-04 16:20:10,370 INFO client.py Завершение работы по команде пользователя.
2022-02-04 16:20:54,208 DEBUG client.py Была вызвана функция create_arg_parser c параметрами (<__main__.Client_Core object at 0x0000027A7327D8B0>,), {}. Вызов из модуля __main__. Вызов из функции obj.main().Вызов из функции main
2022-02-04 16:20:54,209 INFO client.py Запущен клиент с парамертами: адрес сервера: 127.0.0.1, порт: 7777, режим работы: listen
2022-02-04 16:20:54,214 DEBUG client.py Была вызвана функция create_arg_parser c параметрами (<__main__.Client_Core object at 0x000001EB1CF1D8B0>,), {}. Вызов из модуля __main__. Вызов из функции obj.main().Вызов из функции main
2022-02-04 16:20:54,215 INFO client.py Запущен клиент с парамертами: адрес сервера: 127.0.0.1, порт: 7777, режим работы: send
2022-02-04 16:20:54,720 DEBUG client.py Formed presence message for Guest
2022-02-04 16:20:54,721 DEBUG client.py Была вызвана функция create_presence c параметрами (<__main__.Client_Core object at 0x0000027A7327D8B0>,), {}. Вызов из модуля __main__. Вызов из функции obj.main().Вызов из функции main
2022-02-04 16:20:54,721 DEBUG client.py Была вызвана функция create_presence c параметрами (<__main__.Client_Core object at 0x000001EB1CF1D8B0>,), {}. Вызов из модуля __main__. Вызов из функции obj.main().Вызов из функции main
2022-02-04 16:20:55,233 DEBUG client.py Разбор приветственного сообщения от сервера: {'response': 200}
2022-02-04 16:20:55,234 DEBUG client.py Была вызвана функция process_ans c параметрами (<__main__.Client_Core object at 0x000001EB1CF1D8B0>, {'response': 200}), {}. Вызов из модуля __main__. Вызов из функции obj.main().Вызов из функции main
2022-02-04 16:20:55,235 INFO client.py Установлено соединение с сервером. Ответ сервера: 200 : OK
2022-02-04 16:20:55,235 DEBUG client.py Разбор приветственного сообщения от сервера: {'response': 200}
2022-02-04 16:20:55,236 DEBUG client.py Была вызвана функция process_ans c параметрами (<__main__.Client_Core object at 0x0000027A7327D8B0>, {'response': 200}), {}. Вызов из модуля __main__. Вызов из функции obj.main().Вызов из функции main
2022-02-04 16:20:55,236 INFO client.py Установлено соединение с сервером. Ответ сервера: 200 : OK
2022-02-04 16:23:35,988 DEBUG client.py Была вызвана функция create_arg_parser c параметрами (<__main__.Client_Core object at 0x000002CA7A93D8B0>,), {}. Вызов из модуля __main__. Вызов из функции obj.main().Вызов из функции main
2022-02-04 16:23:35,989 INFO client.py Запущен клиент с парамертами: адрес сервера: 127.0.0.1, порт: 7777, режим работы: listen
2022-02-04 16:23:35,989 DEBUG client.py Была вызвана функция create_arg_parser c параметрами (<__main__.Client_Core object at 0x000001950146D8B0>,), {}. Вызов из модуля __main__. Вызов из функции obj.main().Вызов из функции main
2022-02-04 16:23:35,990 DEBUG client.py Formed presence message for Guest
2022-02-04 16:23:35,990 INFO client.py Запущен клиент с парамертами: адрес сервера: 127.0.0.1, порт: 7777, режим работы: send
2022-02-04 16:23:35,990 DEBUG client.py Была вызвана функция create_presence c параметрами (<__main__.Client_Core object at 0x000002CA7A93D8B0>,), {}. Вызов из модуля __main__. Вызов из функции obj.main().Вызов из функции main
2022-02-04 16:23:35,990 DEBUG client.py Formed presence message for Guest
2022-02-04 16:23:35,991 DEBUG client.py Была вызвана функция create_presence c параметрами (<__main__.Client_Core object at 0x000001950146D8B0>,), {}. Вызов из модуля __main__. Вызов из функции obj.main().Вызов из функции main
2022-02-04 16:23:35,991 DEBUG client.py Разбор приветственного сообщения от сервера: {'response': 200}
2022-02-04 16:23:35,992 DEBUG client.py Была вызвана функция process_ans c параметрами (<__main__.Client_Core object at 0x000002CA7A93D8B0>, {'response': 200}), {}. Вызов из модуля __main__. Вызов из функции obj.main().Вызов из функции main
2022-02-04 16:23:35,992 INFO client.py Установлено соединение с сервером. Ответ сервера: 200 : OK
2022-02-04 16:23:36,499 DEBUG client.py Разбор приветственного сообщения от сервера: {'response': 200}
2022-02-04 16:23:36,500 DEBUG client.py Была вызвана функция process_ans c параметрами (<__main__.Client_Core object at 0x000001950146D8B0>, {'response': 200}), {}. Вызов из модуля __main__. Вызов из функции obj.main().Вызов из функции main
2022-02-04 16:23:36,501 INFO client.py Установлено соединение с сервером. Ответ сервера: 200 : OK
2022-02-04 16:25:14,438 DEBUG client.py Была вызвана функция create_arg_parser c параметрами (<__main__.Client_Core object at 0x0000021B2AE7D8B0>,), {}. Вызов из модуля __main__. Вызов из функции obj.main().Вызов из функции main
2022-02-04 16:25:14,438 DEBUG client.py Была вызвана функция create_arg_parser c параметрами (<__main__.Client_Core object at 0x000002D83D07D8B0>,), {}. Вызов из модуля __main__. Вызов из функции obj.main().Вызов из функции main
2022-02-04 16:25:14,438 INFO client.py Запущен клиент с парамертами: адрес сервера: 127.0.0.1, порт: 7777, режим работы: send
2022-02-04 16:25:14,438 INFO client.py Запущен клиент с парамертами: адрес сервера: 127.0.0.1, порт: 7777, режим работы: listen
2022-02-04 16:25:14,440 DEBUG client.py Formed presence message for Guest
2022-02-04 16:25:14,441 DEBUG client.py Была вызвана функция create_presence c параметрами (<__main__.Client_Core object at 0x0000021B2AE7D8B0>,), {}. Вызов из модуля __main__. Вызов из функции obj.main().Вызов из функции main
2022-02-04 16:25:14,441 DEBUG client.py Была вызвана функция create_presence c параметрами (<__main__.Client_Core object at 0x000002D83D07D8B0>,), {}. Вызов из модуля __main__. Вызов из функции obj.main().Вызов из функции main
2022-02-04 16:25:14,952 DEBUG client.py Разбор приветственного сообщения от сервера: {'response': 200}
2022-02-04 16:25:14,953 DEBUG client.py Была вызвана функция process_ans c параметрами (<__main__.Client_Core object at 0x0000021B2AE7D8B0>, {'response': 200}), {}. Вызов из модуля __main__. Вызов из функции obj.main().Вызов из функции main
2022-02-04 16:25:14,954 INFO client.py Установлено соединение с сервером. Ответ сервера: 200 : OK
2022-02-04 16:25:14,954 DEBUG client.py Разбор приветственного сообщения от сервера: {'response': 200}
2022-02-04 16:25:14,955 DEBUG client.py Была вызвана функция process_ans c параметрами (<__main__.Client_Core object at 0x000002D83D07D8B0>, {'response': 200}), {}. Вызов из модуля __main__. Вызов из функции obj.main().Вызов из функции main
2022-02-04 16:25:14,955 INFO client.py Установлено соединение с сервером. Ответ сервера: 200 : OK
2022-02-04 16:25:22,396 DEBUG client.py Сформирован словарь сообщения: {'action': 'message', 'time': 1643981122.3962173, 'account_name': 'Guest', 'mess_text': 'privet'}
2022-02-04 16:25:22,397 DEBUG client.py Была вызвана функция create_message c параметрами (<__main__.Client_Core object at 0x0000021B2AE7D8B0>, <socket.socket fd=1056, family=AddressFamily.AF_INET, type=SocketKind.SOCK_STREAM, proto=0, laddr=('127.0.0.1', 49782), raddr=('127.0.0.1', 7777)>), {}. Вызов из модуля __main__. Вызов из функции obj.main().Вызов из функции main
2022-02-04 16:25:22,628 INFO client.py Получено сообщение от пользователя Guest:
privet
2022-02-04 16:25:22,628 DEBUG client.py Была вызвана функция message_from_server c параметрами (<__main__.Client_Core object at 0x000002D83D07D8B0>, {'action': 'message', 'sender': 'Guest', 'time': 1643981122.627489, 'mess_text': 'privet'}), {}. Вызов из модуля __main__. Вызов из функции obj.main().Вызов из функции main
2022-02-04 16:26:22,661 DEBUG client.py Была вызвана функция create_arg_parser c параметрами (<__main__.Client_Core object at 0x000001FA9B87D8B0>,), {}. Вызов из модуля __main__. Вызов из функции obj.main().Вызов из функции main
2022-02-04 16:26:22,661 INFO client.py Запущен клиент с парамертами: адрес сервера: 127.0.0.1, порт: 7777, режим работы: listen
2022-02-04 16:26:22,662 DEBUG client.py Formed presence message for Guest
2022-02-04 16:26:22,662 DEBUG client.py Была вызвана функция create_presence c параметрами (<__main__.Client_Core object at 0x000001FA9B87D8B0>,), {}. Вызов из модуля __main__. Вызов из функции obj.main().Вызов из функции main
2022-02-04 16:26:22,663 DEBUG client.py Была вызвана функция create_arg_parser c параметрами (<__main__.Client_Core object at 0x0000026107B3D8B0>,), {}. Вызов из модуля __main__. Вызов из функции obj.main().Вызов из функции main
2022-02-04 16:26:22,663 INFO client.py Запущен клиент с парамертами: адрес сервера: 127.0.0.1, порт: 7777, режим работы: send
2022-02-04 16:26:22,664 DEBUG client.py Formed presence message for Guest
2022-02-04 16:26:22,664 DEBUG client.py Была вызвана функция create_presence c параметрами (<__main__.Client_Core object at 0x0000026107B3D8B0>,), {}. Вызов из модуля __main__. Вызов из функции obj.main().Вызов из функции main
2022-02-04 16:26:22,665 DEBUG client.py Разбор приветственного сообщения от сервера: {'response': 200}
2022-02-04 16:26:22,665 DEBUG client.py Была вызвана функция process_ans c параметрами (<__main__.Client_Core object at 0x000001FA9B87D8B0>, {'response': 200}), {}. Вызов из модуля __main__. Вызов из функции obj.main().Вызов из функции main
2022-02-04 16:26:22,666 INFO client.py Установлено соединение с сервером. Ответ сервера: 200 : OK
2022-02-04 16:26:23,169 DEBUG client.py Разбор приветственного сообщения от сервера: {'response': 200}
2022-02-04 16:26:23,170 DEBUG client.py Была вызвана функция process_ans c параметрами (<__main__.Client_Core object at 0x0000026107B3D8B0>, {'response': 200}), {}. Вызов из модуля __main__. Вызов из функции obj.main().Вызов из функции main
2022-02-04 16:26:23,170 INFO client.py Установлено соединение с сервером. Ответ сервера: 200 : OK
2022-02-04 16:26:34,388 ERROR client.py Соединение с сервером 127.0.0.1 было потеряно.
2022-02-04 16:26:38,421 DEBUG client.py Была вызвана функция create_arg_parser c параметрами (<__main__.Client_Core object at 0x000002EE26BFD8B0>,), {}. Вызов из модуля __main__. Вызов из функции obj.main().Вызов из функции main
2022-02-04 16:26:38,422 INFO client.py Запущен клиент с парамертами: адрес сервера: 127.0.0.1, порт: 7777, режим работы: listen
2022-02-04 16:26:38,422 DEBUG client.py Была вызвана функция create_arg_parser c параметрами (<__main__.Client_Core object at 0x0000028BEBB4D8B0>,), {}. Вызов из модуля __main__. Вызов из функции obj.main().Вызов из функции main
2022-02-04 16:26:38,423 DEBUG client.py Formed presence message for Guest
2022-02-04 16:26:38,423 INFO client.py Запущен клиент с парамертами: адрес сервера: 127.0.0.1, порт: 7777, режим работы: send
2022-02-04 16:26:38,423 DEBUG client.py Была вызвана функция create_presence c параметрами (<__main__.Client_Core object at 0x000002EE26BFD8B0>,), {}. Вызов из модуля __main__. Вызов из функции obj.main().Вызов из функции main
2022-02-04 16:26:38,423 DEBUG client.py Formed presence message for Guest
2022-02-04 16:26:38,424 DEBUG client.py Была вызвана функция create_presence c параметрами (<__main__.Client_Core object at 0x0000028BEBB4D8B0>,), {}. Вызов из модуля __main__. Вызов из функции obj.main().Вызов из функции main
2022-02-04 16:26:38,424 DEBUG client.py Разбор приветственного сообщения от сервера: {'response': 200}
2022-02-04 16:26:38,425 DEBUG client.py Была вызвана функция process_ans c параметрами (<__main__.Client_Core object at 0x000002EE26BFD8B0>, {'response': 200}), {}. Вызов из модуля __main__. Вызов из функции obj.main().Вызов из функции main
2022-02-04 16:26:38,425 INFO client.py Установлено соединение с сервером. Ответ сервера: 200 : OK
2022-02-04 16:26:38,931 DEBUG client.py Разбор приветственного сообщения от сервера: {'response': 200}
2022-02-04 16:26:38,931 DEBUG client.py Была вызвана функция process_ans c параметрами (<__main__.Client_Core object at 0x0000028BEBB4D8B0>, {'response': 200}), {}. Вызов из модуля __main__. Вызов из функции obj.main().Вызов из функции main
2022-02-04 16:26:38,932 INFO client.py Установлено соединение с сервером. Ответ сервера: 200 : OK
2022-02-04 16:26:45,932 DEBUG client.py Сформирован словарь сообщения: {'action': 'message', 'time': 1643981205.9325864, 'account_name': 'Guest', 'mess_text': 'privet'}
2022-02-04 16:26:45,933 DEBUG client.py Была вызвана функция create_message c параметрами (<__main__.Client_Core object at 0x0000028BEBB4D8B0>, <socket.socket fd=1108, family=AddressFamily.AF_INET, type=SocketKind.SOCK_STREAM, proto=0, laddr=('127.0.0.1', 49795), raddr=('127.0.0.1', 7777)>), {}. Вызов из модуля __main__. Вызов из функции obj.main().Вызов из функции main
2022-02-04 16:26:46,088 INFO client.py Получено сообщение от пользователя Guest:
privet
2022-02-04 16:26:46,089 DEBUG client.py Была вызвана функция message_from_server c параметрами (<__main__.Client_Core object at 0x000002EE26BFD8B0>, {'action': 'message', 'sender': 'Guest', 'time': 1643981206.08793, 'mess_text': 'privet'}), {}. Вызов из модуля __main__. Вызов из функции obj.main().Вызов из функции main
2022-02-04 16:27:11,647 DEBUG client.py Была вызвана функция create_arg_parser c параметрами (<__main__.Client_Core object at 0x000001CAD9D8D8E0>,), {}. Вызов из модуля __main__. Вызов из функции obj.main().Вызов из функции main
2022-02-04 16:27:11,647 INFO client.py Запущен клиент с парамертами: адрес сервера: 127.0.0.1, порт: 7777, режим работы: send
2022-02-04 16:27:11,647 INFO client.py Запущен клиент с парамертами: адрес сервера: 127.0.0.1, порт: 7777, режим работы: listen
2022-02-04 16:27:11,648 DEBUG client.py Formed presence message for Guest
2022-02-04 16:27:11,648 DEBUG client.py Formed presence message for Guest
2022-02-04 16:27:11,649 DEBUG client.py Была вызвана функция create_presence c параметрами (<__main__.Client_Core object at 0x00000204ECF6D8E0>,), {}. Вызов из модуля __main__. Вызов из функции obj.main().Вызов из функции main
2022-02-04 16:27:11,649 DEBUG client.py Была вызвана функция create_presence c параметрами (<__main__.Client_Core object at 0x000001CAD9D8D8E0>,), {}. Вызов из модуля __main__. Вызов из функции obj.main().Вызов из функции main
2022-02-04 16:27:12,155 DEBUG client.py Разбор приветственного сообщения от сервера: {'response': 200}
2022-02-04 16:27:12,157 DEBUG client.py Была вызвана функция process_ans c параметрами (<__main__.Client_Core object at 0x00000204ECF6D8E0>, {'response': 200}), {}. Вызов из модуля __main__. Вызов из функции obj.main().Вызов из функции main
2022-02-04 16:27:12,157 INFO client.py Установлено соединение с сервером. Ответ сервера: 200 : OK
2022-02-04 16:27:12,157 DEBUG client.py Разбор приветственного сообщения от сервера: {'response': 200}
2022-02-04 16:27:12,158 DEBUG client.py Была вызвана функция process_ans c параметрами (<__main__.Client_Core object at 0x000001CAD9D8D8E0>, {'response': 200}), {}. Вызов из модуля __main__. Вызов из функции obj.main().Вызов из функции main
2022-02-04 16:27:12,158 INFO client.py Установлено соединение с сервером. Ответ сервера: 200 : OK
2022-02-04 16:27:21,827 DEBUG client.py Сформирован словарь сообщения: {'action': 'message', 'time': 1643981241.8266058, 'account_name': 'Guest', 'mess_text': 'privet'}
2022-02-04 16:27:21,845 INFO client.py Получено сообщение от пользователя Guest:
privet
2022-02-04 16:27:21,846 DEBUG client.py Была вызвана функция message_from_server c параметрами (<__main__.Client_Core object at 0x000001CAD9D8D8E0>, {'action': 'message', 'sender': 'Guest', 'time': 1643981241.8450606, 'mess_text': 'privet'}), {}. Вызов из модуля __main__. Вызов из функции obj.main().Вызов из функции main
2022-02-04 16:29:04,520 DEBUG client.py Была вызвана функция create_arg_parser c параметрами (<__main__.Client_Core object at 0x000002AB1EDFD8E0>,), {}. Вызов из модуля __main__. Вызов из функции obj.main().Вызов из функции main
2022-02-04 16:29:04,520 INFO client.py Запущен клиент с парамертами: адрес сервера: 127.0.0.1, порт: 7777, режим работы: send
2022-02-04 16:29:04,521 DEBUG client.py Formed presence message for Guest
2022-02-04 16:29:04,522 DEBUG client.py Была вызвана функция create_presence c параметрами (<__main__.Client_Core object at 0x000002AB1EDFD8E0>,), {}. Вызов из модуля __main__. Вызов из функции obj.main().Вызов из функции main
2022-02-04 16:29:04,527 DEBUG client.py Была вызвана функция create_arg_parser c параметрами (<__main__.Client_Core object at 0x00000240047AD8E0>,), {}. Вызов из модуля __main__. Вызов из функции obj.main().Вызов из функции main
2022-02-04 16:29:04,527 INFO client.py Запущен клиент с парамертами: адрес сервера: 127.0.0.1, порт: 7777, режим работы: listen
2022-02-04 16:29:04,528 DEBUG client.py Formed presence message for Guest
2022-02-04 16:29:04,529 DEBUG client.py Была вызвана функция create_presence c параметрами (<__main__.Client_Core object at 0x00000240047AD8E0>,), {}. Вызов из модуля __main__. Вызов из функции obj.main().Вызов из функции main
2022-02-04 16:29:04,529 DEBUG client.py Разбор приветственного сообщения от сервера: {'response': 200}
2022-02-04 16:29:04,530 DEBUG client.py Была вызвана функция process_ans c параметрами (<__main__.Client_Core object at 0x000002AB1EDFD8E0>, {'response': 200}), {}. Вызов из модуля __main__. Вызов из функции obj.main().Вызов из функции main
2022-02-04 16:29:04,531 INFO client.py Установлено соединение с сервером. Ответ сервера: 200 : OK
2022-02-04 16:29:05,046 DEBUG client.py Разбор приветственного сообщения от сервера: {'response': 200}
2022-02-04 16:29:05,047 DEBUG client.py Была вызвана функция process_ans c параметрами (<__main__.Client_Core object at 0x00000240047AD8E0>, {'response': 200}), {}. Вызов из модуля __main__. Вызов из функции obj.main().Вызов из функции main
2022-02-04 16:29:05,048 INFO client.py Установлено соединение с сервером. Ответ сервера: 200 : OK
2022-02-04 16:29:06,402 DEBUG client.py Сформирован словарь сообщения: {'action': 'message', 'time': 1643981346.4024115, 'account_name': 'Guest', 'mess_text': 'fdsfds'}
2022-02-04 16:29:06,590 INFO client.py Получено сообщение от пользователя Guest:
fdsfds
2022-02-04 16:29:06,591 DEBUG client.py Была вызвана функция message_from_server c параметрами (<__main__.Client_Core object at 0x00000240047AD8E0>, {'action': 'message', 'sender': 'Guest', 'time': 1643981346.5894098, 'mess_text': 'fdsfds'}), {}. Вызов из модуля __main__. Вызов из функции obj.main().Вызов из функции main
2022-02-04 16:29:23,610 DEBUG client.py Была вызвана функция create_arg_parser c параметрами (<__main__.Client_Core object at 0x0000019B6F6DD8E0>,), {}. Вызов из модуля __main__. Вызов из функции obj.main().Вызов из функции main
2022-02-04 16:29:23,610 INFO client.py Запущен клиент с парамертами: адрес сервера: 127.0.0.1, порт: 7777, режим работы: send
2022-02-04 16:29:23,611 DEBUG client.py Formed presence message for Guest
2022-02-04 16:29:23,612 DEBUG client.py Была вызвана функция create_presence c параметрами (<__main__.Client_Core object at 0x0000019B6F6DD8E0>,), {}. Вызов из модуля __main__. Вызов из функции obj.main().Вызов из функции main
2022-02-04 16:29:23,613 DEBUG client.py Была вызвана функция create_arg_parser c параметрами (<__main__.Client_Core object at 0x000002B3E0ADD8E0>,), {}. Вызов из модуля __main__. Вызов из функции obj.main().Вызов из функции main
2022-02-04 16:29:23,613 INFO client.py Запущен клиент с парамертами: адрес сервера: 127.0.0.1, порт: 7777, режим работы: listen
2022-02-04 16:29:23,614 DEBUG client.py Formed presence message for Guest
2022-02-04 16:29:23,615 DEBUG client.py Была вызвана функция create_presence c параметрами (<__main__.Client_Core object at 0x000002B3E0ADD8E0>,), {}. Вызов из модуля __main__. Вызов из функции obj.main().Вызов из функции main
2022-02-04 16:29:23,615 DEBUG client.py Разбор приветственного сообщения от сервера: {'response': 200}
2022-02-04 16:29:23,615 DEBUG client.py Была вызвана функция process_ans c параметрами (<__main__.Client_Core object at 0x0000019B6F6DD8E0>, {'response': 200}), {}. Вызов из модуля __main__. Вызов из функции obj.main().Вызов из функции main
2022-02-04 16:29:23,616 INFO client.py Установлено соединение с сервером. Ответ сервера: 200 : OK
2022-02-04 16:29:24,123 DEBUG client.py Разбор приветственного сообщения от сервера: {'response': 200}
2022-02-04 16:29:24,124 DEBUG client.py Была вызвана функция process_ans c параметрами (<__main__.Client_Core object at 0x000002B3E0ADD8E0>, {'response': 200}), {}. Вызов из модуля __main__. Вызов из функции obj.main().Вызов из функции main
2022-02-04 16:29:24,124 INFO client.py Установлено соединение с сервером. Ответ сервера: 200 : OK
2022-02-04 16:29:25,655 DEBUG client.py Сформирован словарь сообщения: {'action': 'message', 'time': 1643981365.6555026, 'account_name': 'Guest', 'mess_text': 'fdsfsd'}
2022-02-04 16:29:26,148 INFO client.py Получено сообщение от пользователя Guest:
fdsfsd
2022-02-04 16:29:26,149 DEBUG client.py Была вызвана функция message_from_server c параметрами (<__main__.Client_Core object at 0x000002B3E0ADD8E0>, {'action': 'message', 'sender': 'Guest', 'time': 1643981366.1483338, 'mess_text': 'fdsfsd'}), {}. Вызов из модуля __main__. Вызов из функции obj.main().Вызов из функции main
2022-02-04 16:30:38,466 DEBUG client.py Была вызвана функция create_arg_parser c параметрами (<__main__.Client_Core object at 0x00000187E0B1D8E0>,), {}. Вызов из модуля __main__. Вызов из функции obj.main().Вызов из функции main
2022-02-04 16:30:38,467 INFO client.py Запущен клиент с парамертами: адрес сервера: 127.0.0.1, порт: 7777, режим работы: listen
2022-02-04 16:30:38,467 DEBUG client.py Была вызвана функция create_arg_parser c параметрами (<__main__.Client_Core object at 0x000002B9599CD8E0>,), {}. Вызов из модуля __main__. Вызов из функции obj.main().Вызов из функции main
2022-02-04 16:30:38,468 DEBUG client.py Formed presence message for Guest
2022-02-04 16:30:38,468 INFO client.py Запущен клиент с парамертами: адрес сервера: 127.0.0.1, порт: 7777, режим работы: send
2022-02-04 16:30:38,469 DEBUG client.py Была вызвана функция create_presence c параметрами (<__main__.Client_Core object at 0x00000187E0B1D8E0>,), {}. Вызов из модуля __main__. Вызов из функции obj.main().Вызов из функции main
2022-02-04 16:30:38,469 DEBUG client.py Formed presence message for Guest
2022-02-04 16:30:38,469 DEBUG client.py Была вызвана функция create_presence c параметрами (<__main__.Client_Core object at 0x000002B9599CD8E0>,), {}. Вызов из модуля __main__. Вызов из функции obj.main().Вызов из функции main
2022-02-04 16:30:38,470 DEBUG client.py Разбор приветственного сообщения от сервера: {'response': 200}
2022-02-04 16:30:38,470 DEBUG client.py Была вызвана функция process_ans c параметрами (<__main__.Client_Core object at 0x00000187E0B1D8E0>, {'response': 200}), {}. Вызов из модуля __main__. Вызов из функции obj.main().Вызов из функции main
2022-02-04 16:30:38,471 INFO client.py Установлено соединение с сервером. Ответ сервера: 200 : OK
2022-02-04 16:30:38,984 DEBUG client.py Разбор приветственного сообщения от сервера: {'response': 200}
2022-02-04 16:30:38,985 DEBUG client.py Была вызвана функция process_ans c параметрами (<__main__.Client_Core object at 0x000002B9599CD8E0>, {'response': 200}), {}. Вызов из модуля __main__. Вызов из функции obj.main().Вызов из функции main
2022-02-04 16:30:38,986 INFO client.py Установлено соединение с сервером. Ответ сервера: 200 : OK
2022-02-04 16:30:40,642 DEBUG client.py Сформирован словарь сообщения: {'action': 'message', 'time': 1643981440.6425033, 'account_name': 'Guest', 'mess_text': 'gfgf'}
2022-02-04 16:30:41,023 INFO client.py Получено сообщение от пользователя Guest:
gfgf
2022-02-04 16:30:41,023 DEBUG client.py Была вызвана функция message_from_server c параметрами (<__main__.Client_Core object at 0x00000187E0B1D8E0>, {'action': 'message', 'sender': 'Guest', 'time': 1643981441.022828, 'mess_text': 'gfgf'}), {}. Вызов из модуля __main__. Вызов из функции obj.main().Вызов из функции main
2022-02-04 16:30:55,053 DEBUG client.py Была вызвана функция create_arg_parser c параметрами (<__main__.Client_Core object at 0x000001AA2733D8E0>,), {}. Вызов из модуля __main__. Вызов из функции obj.main().Вызов из функции main
2022-02-04 16:30:55,054 INFO client.py Запущен клиент с парамертами: адрес сервера: 127.0.0.1, порт: 7777, режим работы: send
2022-02-04 16:30:55,068 DEBUG client.py Была вызвана функция create_arg_parser c параметрами (<__main__.Client_Core object at 0x000001DAB347D8E0>,), {}. Вызов из модуля __main__. Вызов из функции obj.main().Вызов из функции main
2022-02-04 16:30:55,068 INFO client.py Запущен клиент с парамертами: адрес сервера: 127.0.0.1, порт: 7777, режим работы: listen
2022-02-04 16:30:55,069 DEBUG client.py Formed presence message for Guest
2022-02-04 16:30:55,070 DEBUG client.py Была вызвана функция create_presence c параметрами (<__main__.Client_Core object at 0x000001DAB347D8E0>,), {}. Вызов из модуля __main__. Вызов из функции obj.main().Вызов из функции main
2022-02-04 16:30:55,557 DEBUG client.py Formed presence message for Guest
2022-02-04 16:30:55,558 DEBUG client.py Была вызвана функция create_presence c параметрами (<__main__.Client_Core object at 0x000001AA2733D8E0>,), {}. Вызов из модуля __main__. Вызов из функции obj.main().Вызов из функции main
2022-02-04 16:30:55,558 DEBUG client.py Разбор приветственного сообщения от сервера: {'response': 200}
2022-02-04 16:30:55,559 DEBUG client.py Была вызвана функция process_ans c параметрами (<__main__.Client_Core object at 0x000001DAB347D8E0>, {'response': 200}), {}. Вызов из модуля __main__. Вызов из функции obj.main().Вызов из функции main
2022-02-04 16:30:55,559 INFO client.py Установлено соединение с сервером. Ответ сервера: 200 : OK
2022-02-04 16:30:56,069 DEBUG client.py Разбор приветственного сообщения от сервера: {'response': 200}
2022-02-04 16:30:56,070 DEBUG client.py Была вызвана функция process_ans c параметрами (<__main__.Client_Core object at 0x000001AA2733D8E0>, {'response': 200}), {}. Вызов из модуля __main__. Вызов из функции obj.main().Вызов из функции main
2022-02-04 16:30:56,070 INFO client.py Установлено соединение с сервером. Ответ сервера: 200 : OK
2022-02-04 16:31:01,129 DEBUG client.py Сформирован словарь сообщения: {'action': 'message', 'time': 1643981461.1290247, 'account_name': 'Guest', 'mess_text': 'gfdgd'}
2022-02-04 16:31:01,140 INFO client.py Получено сообщение от пользователя Guest:
gfdgd
2022-02-04 16:31:01,141 DEBUG client.py Была вызвана функция message_from_server c параметрами (<__main__.Client_Core object at 0x000001DAB347D8E0>, {'action': 'message', 'sender': 'Guest', 'time': 1643981461.1394684, 'mess_text': 'gfdgd'}), {}. Вызов из модуля __main__. Вызов из функции obj.main().Вызов из функции main
2022-02-04 16:31:33,020 DEBUG client.py Была вызвана функция create_arg_parser c параметрами (<__main__.Client_Core object at 0x0000026E69F1D8E0>,), {}. Вызов из модуля __main__. Вызов из функции obj.main().Вызов из функции main
2022-02-04 16:31:33,021 INFO client.py Запущен клиент с парамертами: адрес сервера: 127.0.0.1, порт: 7777, режим работы: send
2022-02-04 16:31:33,021 INFO client.py Запущен клиент с парамертами: адрес сервера: 127.0.0.1, порт: 7777, режим работы: listen
2022-02-04 16:31:33,531 DEBUG client.py Formed presence message for Guest
2022-02-04 16:31:33,531 DEBUG client.py Formed presence message for Guest
2022-02-04 16:31:33,532 DEBUG client.py Была вызвана функция create_presence c параметрами (<__main__.Client_Core object at 0x0000026E69F1D8E0>,), {}. Вызов из модуля __main__. Вызов из функции obj.main().Вызов из функции main
2022-02-04 16:31:33,532 DEBUG client.py Была вызвана функция create_presence c параметрами (<__main__.Client_Core object at 0x000002697EF8D8E0>,), {}. Вызов из модуля __main__. Вызов из функции obj.main().Вызов из функции main
2022-02-04 16:31:34,047 DEBUG client.py Разбор приветственного сообщения от сервера: {'response': 200}
2022-02-04 16:31:34,048 DEBUG client.py Была вызвана функция process_ans c параметрами (<__main__.Client_Core object at 0x000002697EF8D8E0>, {'response': 200}), {}. Вызов из модуля __main__. Вызов из функции obj.main().Вызов из функции main
2022-02-04 16:31:34,049 INFO client.py Установлено соединение с сервером. Ответ сервера: 200 : OK
2022-02-04 16:31:34,049 DEBUG client.py Разбор приветственного сообщения от сервера: {'response': 200}
2022-02-04 16:31:34,050 DEBUG client.py Была вызвана функция process_ans c параметрами (<__main__.Client_Core object at 0x0000026E69F1D8E0>, {'response': 200}), {}. Вызов из модуля __main__. Вызов из функции obj.main().Вызов из функции main
2022-02-04 16:31:34,050 INFO client.py Установлено соединение с сервером. Ответ сервера: 200 : OK
2022-02-04 16:31:35,868 DEBUG client.py Сформирован словарь сообщения: {'action': 'message', 'time': 1643981495.868654, 'account_name': 'Guest', 'mess_text': 'gfgdf'}
2022-02-04 16:31:36,103 INFO client.py Получено сообщение от пользователя Guest:
gfgdf
2022-02-04 16:31:36,104 DEBUG client.py Была вызвана функция message_from_server c параметрами (<__main__.Client_Core object at 0x0000026E69F1D8E0>, {'action': 'message', 'sender': 'Guest', 'time': 1643981496.1019905, 'mess_text': 'gfgdf'}), {}. Вызов из модуля __main__. Вызов из функции obj.main().Вызов из функции main
2022-02-04 16:33:44,324 DEBUG client.py Была вызвана функция create_arg_parser c параметрами (<__main__.Client_Core object at 0x00000277AE98D8E0>,), {}. Вызов из модуля __main__. Вызов из функции obj.main().Вызов из функции main
2022-02-04 16:33:44,325 INFO client.py Запущен клиент с парамертами: адрес сервера: 127.0.0.1, порт: 7777, режим работы: listen
2022-02-04 16:33:44,326 DEBUG client.py Formed presence message for Guest
2022-02-04 16:33:44,327 DEBUG client.py Была вызвана функция create_presence c параметрами (<__main__.Client_Core object at 0x00000277AE98D8E0>,), {}. Вызов из модуля __main__. Вызов из функции obj.main().Вызов из функции main
2022-02-04 16:33:44,327 DEBUG client.py Была вызвана функция create_arg_parser c параметрами (<__main__.Client_Core object at 0x0000025362B8D8E0>,), {}. Вызов из модуля __main__. Вызов из функции obj.main().Вызов из функции main
2022-02-04 16:33:44,327 INFO client.py Запущен клиент с парамертами: адрес сервера: 127.0.0.1, порт: 7777, режим работы: send
2022-02-04 16:33:44,328 DEBUG client.py Formed presence message for Guest
2022-02-04 16:33:44,329 DEBUG client.py Была вызвана функция create_presence c параметрами (<__main__.Client_Core object at 0x0000025362B8D8E0>,), {}. Вызов из модуля __main__. Вызов из функции obj.main().Вызов из функции main
2022-02-04 16:33:44,329 DEBUG client.py Разбор приветственного сообщения от сервера: {'response': 200}
2022-02-04 16:33:44,330 DEBUG client.py Была вызвана функция process_ans c параметрами (<__main__.Client_Core object at 0x00000277AE98D8E0>, {'response': 200}), {}. Вызов из модуля __main__. Вызов из функции obj.main().Вызов из функции main
2022-02-04 16:33:44,330 INFO client.py Установлено соединение с сервером. Ответ сервера: 200 : OK
2022-02-04 16:33:44,832 DEBUG client.py Разбор приветственного сообщения от сервера: {'response': 200}
2022-02-04 16:33:44,834 DEBUG client.py Была вызвана функция process_ans c параметрами (<__main__.Client_Core object at 0x0000025362B8D8E0>, {'response': 200}), {}. Вызов из модуля __main__. Вызов из функции obj.main().Вызов из функции main
2022-02-04 16:33:44,834 INFO client.py Установлено соединение с сервером. Ответ сервера: 200 : OK
2022-02-04 16:33:51,137 DEBUG client.py Сформирован словарь сообщения: {'action': 'message', 'time': 1643981631.137803, 'account_name': 'Guest', 'mess_text': 'privet'}
2022-02-04 16:33:51,442 INFO client.py Получено сообщение от пользователя Guest:
privet
2022-02-04 16:33:51,442 DEBUG client.py Была вызвана функция message_from_server c параметрами (<__main__.Client_Core object at 0x00000277AE98D8E0>, {'action': 'message', 'sender': 'Guest', 'time': 1643981631.4412165, 'mess_text': 'privet'}), {}. Вызов из модуля __main__. Вызов из функции obj.main().Вызов из функции main
2022-02-04 16:37:24,939 DEBUG client.py Была вызвана функция create_arg_parser c параметрами (<__main__.Client_Core object at 0x000002A387ADD910>,), {}. Вызов из модуля __main__. Вызов из функции obj.main().Вызов из функции main
2022-02-04 16:37:24,940 INFO client.py Запущен клиент с парамертами: адрес сервера: 127.0.0.1, порт: 7777, режим работы: send
2022-02-04 16:37:24,940 INFO client.py Запущен клиент с парамертами: адрес сервера: 127.0.0.1, порт: 7777, режим работы: listen
2022-02-04 16:37:24,941 DEBUG client.py Formed presence message for Guest
2022-02-04 16:37:24,941 DEBUG client.py Formed presence message for Guest
2022-02-04 16:37:24,942 DEBUG client.py Была вызвана функция create_presence c параметрами (<__main__.Client_Core object at 0x00000131A447D910>,), {}. Вызов из модуля __main__. Вызов из функции obj.main().Вызов из функции main
2022-02-04 16:37:24,942 DEBUG client.py Была вызвана функция create_presence c параметрами (<__main__.Client_Core object at 0x000002A387ADD910>,), {}. Вызов из модуля __main__. Вызов из функции obj.main().Вызов из функции main
2022-02-04 16:37:25,457 DEBUG client.py Разбор приветственного сообщения от сервера: {'response': 200}
2022-02-04 16:37:25,458 DEBUG client.py Была вызвана функция process_ans c параметрами (<__main__.Client_Core object at 0x000002A387ADD910>, {'response': 200}), {}. Вызов из модуля __main__. Вызов из функции obj.main().Вызов из функции main
2022-02-04 16:37:25,459 INFO client.py Установлено соединение с сервером. Ответ сервера: 200 : OK
2022-02-04 16:37:25,459 DEBUG client.py Разбор приветственного сообщения от сервера: {'response': 200}
2022-02-04 16:37:25,460 DEBUG client.py Была вызвана функция process_ans c параметрами (<__main__.Client_Core object at 0x00000131A447D910>, {'response': 200}), {}. Вызов из модуля __main__. Вызов из функции obj.main().Вызов из функции main
2022-02-04 16:37:25,460 INFO client.py Установлено соединение с сервером. Ответ сервера: 200 : OK
2022-02-04 16:37:28,024 DEBUG client.py Сформирован словарь сообщения: {'action': 'message', 'time': 1643981848.0247478, 'account_name': 'Guest', 'mess_text': 'fdfd'}
2022-02-04 16:37:28,502 INFO client.py Получено сообщение от пользователя Guest:
fdfd
2022-02-04 16:37:37,858 DEBUG client.py Сформирован словарь сообщения: {'action': 'message', 'time': 1643981857.858756, 'account_name': 'Guest', 'mess_text': 'fdfd'}
2022-02-04 16:37:38,182 INFO client.py Получено сообщение от пользователя Guest:
fdfd
2022-02-04 16:42:50,005 DEBUG client.py Была вызвана функция create_arg_parser c параметрами (<__main__.Client_Core object at 0x00000192805DD910>,), {}. Вызов из модуля __main__. Вызов из функции obj.main().Вызов из функции main
2022-02-04 16:42:50,005 INFO client.py Запущен клиент с парамертами: адрес сервера: 127.0.0.1, порт: 7777, режим работы: listen
2022-02-04 16:42:50,006 DEBUG client.py Formed presence message for Guest
2022-02-04 16:42:50,007 DEBUG client.py Была вызвана функция create_presence c параметрами (<__main__.Client_Core object at 0x00000192805DD910>,), {}. Вызов из модуля __main__. Вызов из функции obj.main().Вызов из функции main
2022-02-04 16:42:50,008 DEBUG client.py Была вызвана функция create_arg_parser c параметрами (<__main__.Client_Core object at 0x000001B18416D910>,), {}. Вызов из модуля __main__. Вызов из функции obj.main().Вызов из функции main
2022-02-04 16:42:50,009 INFO client.py Запущен клиент с парамертами: адрес сервера: 127.0.0.1, порт: 7777, режим работы: send
2022-02-04 16:42:50,009 DEBUG client.py Formed presence message for Guest
2022-02-04 16:42:50,010 DEBUG client.py Была вызвана функция create_presence c параметрами (<__main__.Client_Core object at 0x000001B18416D910>,), {}. Вызов из модуля __main__. Вызов из функции obj.main().Вызов из функции main
2022-02-04 16:42:50,010 DEBUG client.py Разбор приветственного сообщения от сервера: {'response': 200}
2022-02-04 16:42:50,011 DEBUG client.py Была вызвана функция process_ans c параметрами (<__main__.Client_Core object at 0x00000192805DD910>, {'response': 200}), {}. Вызов из модуля __main__. Вызов из функции obj.main().Вызов из функции main
2022-02-04 16:42:50,011 INFO client.py Установлено соединение с сервером. Ответ сервера: 200 : OK
2022-02-04 16:42:50,515 DEBUG client.py Разбор приветственного сообщения от сервера: {'response': 200}
2022-02-04 16:42:50,516 DEBUG client.py Была вызвана функция process_ans c параметрами (<__main__.Client_Core object at 0x000001B18416D910>, {'response': 200}), {}. Вызов из модуля __main__. Вызов из функции obj.main().Вызов из функции main
2022-02-04 16:42:50,517 INFO client.py Установлено соединение с сервером. Ответ сервера: 200 : OK
2022-02-04 16:42:54,565 DEBUG client.py Сформирован словарь сообщения: {'action': 'message', 'time': 1643982174.565863, 'account_name': 'Guest', 'mess_text': 'privet'}
2022-02-04 16:42:54,626 INFO client.py Получено сообщение от пользователя Guest:
privet
2022-02-04 16:47:22,467 DEBUG client.py Была вызвана функция create_arg_parser c параметрами (<__main__.Client_Core object at 0x0000025AAEE7D9D0>,), {}. Вызов из модуля __main__. Вызов из функции obj.main().Вызов из функции main
2022-02-04 16:47:22,467 DEBUG client.py Была вызвана функция create_arg_parser c параметрами (<__main__.Client_Core object at 0x000002723D4DD9D0>,), {}. Вызов из модуля __main__. Вызов из функции obj.main().Вызов из функции main
2022-02-04 16:47:37,641 DEBUG client.py Была вызвана функция create_arg_parser c параметрами (<__main__.Client_Core object at 0x000001B6F711D9D0>,), {}. Вызов из модуля __main__. Вызов из функции obj.main().Вызов из функции main
2022-02-04 16:47:37,643 DEBUG client.py Была вызвана функция create_arg_parser c параметрами (<__main__.Client_Core object at 0x000002456C34D9D0>,), {}. Вызов из модуля __main__. Вызов из функции obj.main().Вызов из функции main
2022-02-04 16:49:20,822 DEBUG client.py Была вызвана функция create_arg_parser c параметрами (<__main__.Client_Core object at 0x000001DCE1C7D970>,), {}. Вызов из модуля __main__. Вызов из функции obj.main().Вызов из функции main
2022-02-04 16:49:20,832 DEBUG client.py Была вызвана функция create_arg_parser c параметрами (<__main__.Client_Core object at 0x000001DB5AA3D970>,), {}. Вызов из модуля __main__. Вызов из функции obj.main().Вызов из функции main
2022-02-04 16:49:30,800 DEBUG client.py Была вызвана функция create_arg_parser c параметрами (<__main__.Client_Core object at 0x000002A87CF1D970>,), {}. Вызов из модуля __main__. Вызов из функции obj.main().Вызов из функции main
2022-02-04 16:49:30,801 DEBUG client.py Была вызвана функция create_arg_parser c параметрами (<__main__.Client_Core object at 0x000001652651D970>,), {}. Вызов из модуля __main__. Вызов из функции obj.main().Вызов из функции main
2022-02-04 16:52:34,278 DEBUG client.py Была вызвана функция create_arg_parser c параметрами (<__main__.Client_Core object at 0x000001F7F6ADD910>,), {}. Вызов из модуля __main__. Вызов из функции obj.main().Вызов из функции main
2022-02-04 16:52:34,278 INFO client.py Запущен клиент с парамертами: адрес сервера: 127.0.0.1, порт: 7777, режим работы: send
2022-02-04 16:52:34,278 INFO client.py Запущен клиент с парамертами: адрес сервера: 127.0.0.1, порт: 7777, режим работы: listen
2022-02-04 16:52:34,279 DEBUG client.py Formed presence message for Guest
2022-02-04 16:52:34,280 DEBUG client.py Была вызвана функция create_presence c параметрами (<__main__.Client_Core object at 0x000001F7F6ADD910>,), {}. Вызов из модуля __main__. Вызов из функции obj.main().Вызов из функции main
2022-02-04 16:52:34,280 DEBUG client.py Была вызвана функция create_presence c параметрами (<__main__.Client_Core object at 0x000002A5CD73D910>,), {}. Вызов из модуля __main__. Вызов из функции obj.main().Вызов из функции main
2022-02-04 16:52:34,788 DEBUG client.py Разбор приветственного сообщения от сервера: {'response': 200}
2022-02-04 16:52:34,790 DEBUG client.py Была вызвана функция process_ans c параметрами (<__main__.Client_Core object at 0x000001F7F6ADD910>, {'response': 200}), {}. Вызов из модуля __main__. Вызов из функции obj.main().Вызов из функции main
2022-02-04 16:52:34,790 INFO client.py Установлено соединение с сервером. Ответ сервера: 200 : OK
2022-02-04 16:52:34,790 DEBUG client.py Разбор приветственного сообщения от сервера: {'response': 200}
2022-02-04 16:52:34,791 DEBUG client.py Была вызвана функция process_ans c параметрами (<__main__.Client_Core object at 0x000002A5CD73D910>, {'response': 200}), {}. Вызов из модуля __main__. Вызов из функции obj.main().Вызов из функции main
2022-02-04 16:52:34,791 INFO client.py Установлено соединение с сервером. Ответ сервера: 200 : OK
2022-02-04 16:54:45,092 DEBUG client.py Была вызвана функция create_arg_parser c параметрами (<__main__.Client_Core object at 0x0000024BCFF4D910>,), {}. Вызов из модуля __main__. Вызов из функции obj.main().Вызов из функции main
2022-02-04 16:54:45,092 INFO client.py Запущен клиент с парамертами: адрес сервера: 127.0.0.1, порт: 7777, режим работы: send
2022-02-04 16:54:45,092 INFO client.py Запущен клиент с парамертами: адрес сервера: 127.0.0.1, порт: 7777, режим работы: listen
2022-02-04 16:54:45,093 DEBUG client.py Formed presence message for Guest
2022-02-04 16:54:45,093 DEBUG client.py Formed presence message for Guest
2022-02-04 16:54:45,094 DEBUG client.py Была вызвана функция create_presence c параметрами (<__main__.Client_Core object at 0x0000024BCFF4D910>,), {}. Вызов из модуля __main__. Вызов из функции obj.main().Вызов из функции main
2022-02-04 16:54:45,094 DEBUG client.py Была вызвана функция create_presence c параметрами (<__main__.Client_Core object at 0x0000026DD367D910>,), {}. Вызов из модуля __main__. Вызов из функции obj.main().Вызов из функции main
2022-02-04 16:54:45,095 DEBUG client.py Разбор приветственного сообщения от сервера: {'response': 200}
2022-02-04 16:54:45,096 DEBUG client.py Была вызвана функция process_ans c параметрами (<__main__.Client_Core object at 0x0000024BCFF4D910>, {'response': 200}), {}. Вызов из модуля __main__. Вызов из функции obj.main().Вызов из функции main
2022-02-04 16:54:45,096 INFO client.py Установлено соединение с сервером. Ответ сервера: 200 : OK
2022-02-04 16:54:45,096 DEBUG client.py Разбор приветственного сообщения от сервера: {'response': 200}
2022-02-04 16:54:45,097 DEBUG client.py Была вызвана функция process_ans c параметрами (<__main__.Client_Core object at 0x0000026DD367D910>, {'response': 200}), {}. Вызов из модуля __main__. Вызов из функции obj.main().Вызов из функции main
2022-02-04 16:54:45,097 INFO client.py Установлено соединение с сервером. Ответ сервера: 200 : OK
2022-02-04 16:54:51,594 DEBUG client.py Сформирован словарь сообщения: {'action': 'message', 'time': 1643982891.5945094, 'account_name': 'Guest', 'mess_text': 'fd'}
2022-02-04 16:54:51,740 INFO client.py Получено сообщение от пользователя Guest:
fd
2022-02-04 16:55:09,761 DEBUG client.py Была вызвана функция create_arg_parser c параметрами (<__main__.Client_Core object at 0x000001F7701BD910>,), {}. Вызов из модуля __main__. Вызов из функции obj.main().Вызов из функции main
2022-02-04 16:55:09,761 INFO client.py Запущен клиент с парамертами: адрес сервера: 127.0.0.1, порт: 7777, режим работы: listen
2022-02-04 16:55:09,762 DEBUG client.py Formed presence message for Guest
2022-02-04 16:55:09,762 DEBUG client.py Была вызвана функция create_arg_parser c параметрами (<__main__.Client_Core object at 0x000002969939D910>,), {}. Вызов из модуля __main__. Вызов из функции obj.main().Вызов из функции main
2022-02-04 16:55:09,763 INFO client.py Запущен клиент с парамертами: адрес сервера: 127.0.0.1, порт: 7777, режим работы: send
2022-02-04 16:55:09,763 DEBUG client.py Была вызвана функция create_presence c параметрами (<__main__.Client_Core object at 0x000001F7701BD910>,), {}. Вызов из модуля __main__. Вызов из функции obj.main().Вызов из функции main
2022-02-04 16:55:09,764 DEBUG client.py Formed presence message for Guest
2022-02-04 16:55:09,764 DEBUG client.py Была вызвана функция create_presence c параметрами (<__main__.Client_Core object at 0x000002969939D910>,), {}. Вызов из модуля __main__. Вызов из функции obj.main().Вызов из функции main
2022-02-04 16:55:09,764 DEBUG client.py Разбор приветственного сообщения от сервера: {'response': 200}
2022-02-04 16:55:09,765 DEBUG client.py Была вызвана функция process_ans c параметрами (<__main__.Client_Core object at 0x000001F7701BD910>, {'response': 200}), {}. Вызов из модуля __main__. Вызов из функции obj.main().Вызов из функции main
2022-02-04 16:55:09,766 INFO client.py Установлено соединение с сервером. Ответ сервера: 200 : OK
2022-02-04 16:55:10,280 DEBUG client.py Разбор приветственного сообщения от сервера: {'response': 200}
2022-02-04 16:55:10,281 DEBUG client.py Была вызвана функция process_ans c параметрами (<__main__.Client_Core object at 0x000002969939D910>, {'response': 200}), {}. Вызов из модуля __main__. Вызов из функции obj.main().Вызов из функции main
2022-02-04 16:55:10,282 INFO client.py Установлено соединение с сервером. Ответ сервера: 200 : OK
2022-02-04 16:56:47,506 DEBUG client.py Была вызвана функция create_arg_parser c параметрами (<__main__.Client_Core object at 0x00000256D454D910>,), {}. Вызов из модуля __main__. Вызов из функции obj.main().Вызов из функции main
2022-02-04 16:56:47,506 DEBUG client.py Была вызвана функция create_arg_parser c параметрами (<__main__.Client_Core object at 0x0000019D2EDFD910>,), {}. Вызов из модуля __main__. Вызов из функции obj.main().Вызов из функции main
2022-02-04 16:56:47,506 INFO client.py Запущен клиент с парамертами: адрес сервера: 127.0.0.1, порт: 7777, режим работы: send
2022-02-04 16:56:47,506 INFO client.py Запущен клиент с парамертами: адрес сервера: 127.0.0.1, порт: 7777, режим работы: listen
2022-02-04 16:56:47,508 DEBUG client.py Formed presence message for Guest
2022-02-04 16:56:47,508 DEBUG client.py Formed presence message for Guest
2022-02-04 16:56:47,509 DEBUG client.py Была вызвана функция create_presence c параметрами (<__main__.Client_Core object at 0x00000256D454D910>,), {}. Вызов из модуля __main__. Вызов из функции obj.main().Вызов из функции main
2022-02-04 16:56:47,509 DEBUG client.py Была вызвана функция create_presence c параметрами (<__main__.Client_Core object at 0x0000019D2EDFD910>,), {}. Вызов из модуля __main__. Вызов из функции obj.main().Вызов из функции main
2022-02-04 16:56:48,015 DEBUG client.py Разбор приветственного сообщения от сервера: {'response': 200}
2022-02-04 16:56:48,016 DEBUG client.py Была вызвана функция process_ans c параметрами (<__main__.Client_Core object at 0x0000019D2EDFD910>, {'response': 200}), {}. Вызов из модуля __main__. Вызов из функции obj.main().Вызов из функции main
2022-02-04 16:56:48,016 INFO client.py Установлено соединение с сервером. Ответ сервера: 200 : OK
2022-02-04 16:56:48,016 DEBUG client.py Разбор приветственного сообщения от сервера: {'response': 200}
2022-02-04 16:56:48,017 DEBUG client.py Была вызвана функция process_ans c параметрами (<__main__.Client_Core object at 0x00000256D454D910>, {'response': 200}), {}. Вызов из модуля __main__. Вызов из функции obj.main().Вызов из функции main
2022-02-04 16:56:48,018 INFO client.py Установлено соединение с сервером. Ответ сервера: 200 : OK
2022-02-04 16:56:53,156 DEBUG client.py Сформирован словарь сообщения: {'action': 'message', 'time': 1643983013.156843, 'account_name': 'Guest', 'mess_text': 'hgfhf'}
2022-02-04 16:56:53,593 INFO client.py Получено сообщение от пользователя Guest:
hgfhf
2022-02-04 16:57:06,767 DEBUG client.py Была вызвана функция create_arg_parser c параметрами (<__main__.Client_Core object at 0x000002554071D910>,), {}. Вызов из модуля __main__. Вызов из функции obj.main().Вызов из функции main
2022-02-04 16:57:06,767 INFO client.py Запущен клиент с парамертами: адрес сервера: 127.0.0.1, порт: 7777, режим работы: listen
2022-02-04 16:57:06,767 DEBUG client.py Была вызвана функция create_arg_parser c параметрами (<__main__.Client_Core object at 0x000001A49EBBD910>,), {}. Вызов из модуля __main__. Вызов из функции obj.main().Вызов из функции main
2022-02-04 16:57:06,767 INFO client.py Запущен клиент с парамертами: адрес сервера: 127.0.0.1, порт: 7777, режим работы: send
2022-02-04 16:57:06,768 DEBUG client.py Formed presence message for Guest
2022-02-04 16:57:06,768 DEBUG client.py Formed presence message for Guest
2022-02-04 16:57:06,769 DEBUG client.py Была вызвана функция create_presence c параметрами (<__main__.Client_Core object at 0x000002554071D910>,), {}. Вызов из модуля __main__. Вызов из функции obj.main().Вызов из функции main
2022-02-04 16:57:06,769 DEBUG client.py Была вызвана функция create_presence c параметрами (<__main__.Client_Core object at 0x000001A49EBBD910>,), {}. Вызов из модуля __main__. Вызов из функции obj.main().Вызов из функции main
2022-02-04 16:57:07,283 DEBUG client.py Разбор приветственного сообщения от сервера: {'response': 200}
2022-02-04 16:57:07,284 DEBUG client.py Была вызвана функция process_ans c параметрами (<__main__.Client_Core object at 0x000002554071D910>, {'response': 200}), {}. Вызов из модуля __main__. Вызов из функции obj.main().Вызов из функции main
2022-02-04 16:57:07,284 INFO client.py Установлено соединение с сервером. Ответ сервера: 200 : OK
2022-02-04 16:57:07,285 DEBUG client.py Разбор приветственного сообщения от сервера: {'response': 200}
2022-02-04 16:57:07,286 DEBUG client.py Была вызвана функция process_ans c параметрами (<__main__.Client_Core object at 0x000001A49EBBD910>, {'response': 200}), {}. Вызов из модуля __main__. Вызов из функции obj.main().Вызов из функции main
2022-02-04 16:57:07,286 INFO client.py Установлено соединение с сервером. Ответ сервера: 200 : OK
2022-02-04 16:57:18,399 DEBUG client.py Была вызвана функция create_arg_parser c параметрами (<__main__.Client_Core object at 0x0000026D9E73D910>,), {}. Вызов из модуля __main__. Вызов из функции obj.main().Вызов из функции main
2022-02-04 16:57:18,399 DEBUG client.py Была вызвана функция create_arg_parser c параметрами (<__main__.Client_Core object at 0x000002236447D910>,), {}. Вызов из модуля __main__. Вызов из функции obj.main().Вызов из функции main
2022-02-04 16:57:18,399 INFO client.py Запущен клиент с парамертами: адрес сервера: 127.0.0.1, порт: 7777, режим работы: send
2022-02-04 16:57:18,399 INFO client.py Запущен клиент с парамертами: адрес сервера: 127.0.0.1, порт: 7777, режим работы: listen
2022-02-04 16:57:18,401 DEBUG client.py Formed presence message for Guest
2022-02-04 16:57:18,401 DEBUG client.py Formed presence message for Guest
2022-02-04 16:57:18,402 DEBUG client.py Была вызвана функция create_presence c параметрами (<__main__.Client_Core object at 0x0000026D9E73D910>,), {}. Вызов из модуля __main__. Вызов из функции obj.main().Вызов из функции main
2022-02-04 16:57:18,402 DEBUG client.py Была вызвана функция create_presence c параметрами (<__main__.Client_Core object at 0x000002236447D910>,), {}. Вызов из модуля __main__. Вызов из функции obj.main().Вызов из функции main
2022-02-04 16:57:18,910 DEBUG client.py Разбор приветственного сообщения от сервера: {'response': 200}
2022-02-04 16:57:18,911 DEBUG client.py Была вызвана функция process_ans c параметрами (<__main__.Client_Core object at 0x000002236447D910>, {'response': 200}), {}. Вызов из модуля __main__. Вызов из функции obj.main().Вызов из функции main
2022-02-04 16:57:18,911 INFO client.py Установлено соединение с сервером. Ответ сервера: 200 : OK
2022-02-04 16:57:18,911 DEBUG client.py Разбор приветственного сообщения от сервера: {'response': 200}
2022-02-04 16:57:18,912 DEBUG client.py Была вызвана функция process_ans c параметрами (<__main__.Client_Core object at 0x0000026D9E73D910>, {'response': 200}), {}. Вызов из модуля __main__. Вызов из функции obj.main().Вызов из функции main
2022-02-04 16:57:18,912 INFO client.py Установлено соединение с сервером. Ответ сервера: 200 : OK
